<?xml version="1.0" encoding="UTF-8"?>
<robot generator="Robot 4.1.2 (Python 3.9.1 on win32)" generated="20211213 19:38:49.568" rpa="false" schemaversion="2">
<suite id="s1" name="Tests" source="C:\Users\leana\Documents\STSWENG\SeleniumPractice\Exercise-RobotFramework-Practice\tests">
<suite id="s1-s1" name="Login" source="C:\Users\leana\Documents\STSWENG\SeleniumPractice\Exercise-RobotFramework-Practice\tests\login.robot">
<test id="s1-s1-t1" name="Successful user log in">
<kw name="Open Browser To Login Page" library="resources">
<kw name="Open Browser" library="SeleniumLibrary">
<arg>${LOGIN URL}</arg>
<arg>${BROWSER}</arg>
<doc>Opens a new browser instance to the optional ``url``.</doc>
<msg timestamp="20211213 19:38:49.805" level="INFO">Opening browser 'chrome' to base url 'https://www.saucedemo.com/'.</msg>
<status status="PASS" starttime="20211213 19:38:49.805" endtime="20211213 19:38:52.586"/>
</kw>
<kw name="Maximize Browser Window" library="SeleniumLibrary">
<doc>Maximizes current browser window.</doc>
<status status="PASS" starttime="20211213 19:38:52.586" endtime="20211213 19:38:52.715"/>
</kw>
<kw name="Set Selenium Speed" library="SeleniumLibrary">
<arg>${DELAY}</arg>
<doc>Sets the delay that is waited after each Selenium command.</doc>
<status status="PASS" starttime="20211213 19:38:52.716" endtime="20211213 19:38:52.718"/>
</kw>
<kw name="Login Page Should Be Open" library="resources">
<kw name="Page Should Contain Element" library="SeleniumLibrary">
<arg>login-button</arg>
<doc>Verifies that element ``locator`` is found on the current page.</doc>
<msg timestamp="20211213 19:38:52.756" level="INFO">Current page contains element 'login-button'.</msg>
<status status="PASS" starttime="20211213 19:38:52.720" endtime="20211213 19:38:52.756"/>
</kw>
<status status="PASS" starttime="20211213 19:38:52.718" endtime="20211213 19:38:52.757"/>
</kw>
<status status="PASS" starttime="20211213 19:38:49.805" endtime="20211213 19:38:52.757"/>
</kw>
<kw name="Input Username" library="resources">
<arg>${VALID USER}</arg>
<kw name="Input Text" library="SeleniumLibrary">
<arg>user-name</arg>
<arg>${username}</arg>
<doc>Types the given ``text`` into the text field identified by ``locator``.</doc>
<msg timestamp="20211213 19:38:52.767" level="INFO">Typing text 'standard_user' into text field 'user-name'.</msg>
<status status="PASS" starttime="20211213 19:38:52.763" endtime="20211213 19:38:52.966"/>
</kw>
<status status="PASS" starttime="20211213 19:38:52.759" endtime="20211213 19:38:52.966"/>
</kw>
<kw name="Input Pass" library="resources">
<arg>${VALID PASSWORD}</arg>
<kw name="Input Password" library="SeleniumLibrary">
<arg>password</arg>
<arg>${password}</arg>
<doc>Types the given password into the text field identified by ``locator``.</doc>
<msg timestamp="20211213 19:38:52.968" level="INFO">Typing password into text field 'password'.</msg>
<msg timestamp="20211213 19:38:53.008" level="INFO">Temporally setting log level to: NONE</msg>
<msg timestamp="20211213 19:38:53.051" level="INFO">Log level changed from NONE to INFO.</msg>
<status status="PASS" starttime="20211213 19:38:52.968" endtime="20211213 19:38:53.051"/>
</kw>
<status status="PASS" starttime="20211213 19:38:52.967" endtime="20211213 19:38:53.051"/>
</kw>
<kw name="Submit Credentials" library="resources">
<kw name="Click Button" library="SeleniumLibrary">
<arg>login-button</arg>
<doc>Clicks the button identified by ``locator``.</doc>
<msg timestamp="20211213 19:38:53.052" level="INFO">Clicking button 'login-button'.</msg>
<status status="PASS" starttime="20211213 19:38:53.052" endtime="20211213 19:38:53.141"/>
</kw>
<status status="PASS" starttime="20211213 19:38:53.052" endtime="20211213 19:38:53.141"/>
</kw>
<kw name="Product Page Should Be Open" library="resources">
<kw name="Element Text Should Be" library="SeleniumLibrary">
<arg>class:title</arg>
<arg>PRODUCTS</arg>
<doc>Verifies that element ``locator`` contains exact the text ``expected``.</doc>
<msg timestamp="20211213 19:38:53.146" level="INFO">Verifying element 'class:title' contains exact text 'PRODUCTS'.</msg>
<status status="PASS" starttime="20211213 19:38:53.145" endtime="20211213 19:38:53.167"/>
</kw>
<status status="PASS" starttime="20211213 19:38:53.142" endtime="20211213 19:38:53.167"/>
</kw>
<kw name="Close Browser" library="SeleniumLibrary" type="TEARDOWN">
<doc>Closes the current browser.</doc>
<status status="PASS" starttime="20211213 19:38:53.168" endtime="20211213 19:38:55.678"/>
</kw>
<status status="PASS" starttime="20211213 19:38:49.804" endtime="20211213 19:38:55.678"/>
</test>
<test id="s1-s1-t2" name="Unsuccessful user log in by a locked out user">
<kw name="Open Browser To Login Page" library="resources">
<kw name="Open Browser" library="SeleniumLibrary">
<arg>${LOGIN URL}</arg>
<arg>${BROWSER}</arg>
<doc>Opens a new browser instance to the optional ``url``.</doc>
<msg timestamp="20211213 19:38:55.681" level="INFO">Opening browser 'chrome' to base url 'https://www.saucedemo.com/'.</msg>
<status status="PASS" starttime="20211213 19:38:55.681" endtime="20211213 19:38:58.317"/>
</kw>
<kw name="Maximize Browser Window" library="SeleniumLibrary">
<doc>Maximizes current browser window.</doc>
<status status="PASS" starttime="20211213 19:38:58.317" endtime="20211213 19:38:58.450"/>
</kw>
<kw name="Set Selenium Speed" library="SeleniumLibrary">
<arg>${DELAY}</arg>
<doc>Sets the delay that is waited after each Selenium command.</doc>
<status status="PASS" starttime="20211213 19:38:58.451" endtime="20211213 19:38:58.454"/>
</kw>
<kw name="Login Page Should Be Open" library="resources">
<kw name="Page Should Contain Element" library="SeleniumLibrary">
<arg>login-button</arg>
<doc>Verifies that element ``locator`` is found on the current page.</doc>
<msg timestamp="20211213 19:38:58.509" level="INFO">Current page contains element 'login-button'.</msg>
<status status="PASS" starttime="20211213 19:38:58.458" endtime="20211213 19:38:58.511"/>
</kw>
<status status="PASS" starttime="20211213 19:38:58.455" endtime="20211213 19:38:58.512"/>
</kw>
<status status="PASS" starttime="20211213 19:38:55.680" endtime="20211213 19:38:58.515"/>
</kw>
<kw name="Input Username" library="resources">
<arg>${LOCKED OUT USER}</arg>
<kw name="Input Text" library="SeleniumLibrary">
<arg>user-name</arg>
<arg>${username}</arg>
<doc>Types the given ``text`` into the text field identified by ``locator``.</doc>
<msg timestamp="20211213 19:38:58.534" level="INFO">Typing text 'locked_out_user' into text field 'user-name'.</msg>
<status status="PASS" starttime="20211213 19:38:58.532" endtime="20211213 19:38:58.702"/>
</kw>
<status status="PASS" starttime="20211213 19:38:58.527" endtime="20211213 19:38:58.702"/>
</kw>
<kw name="Input Pass" library="resources">
<arg>${VALID PASSWORD}</arg>
<kw name="Input Password" library="SeleniumLibrary">
<arg>password</arg>
<arg>${password}</arg>
<doc>Types the given password into the text field identified by ``locator``.</doc>
<msg timestamp="20211213 19:38:58.703" level="INFO">Typing password into text field 'password'.</msg>
<msg timestamp="20211213 19:38:58.732" level="INFO">Temporally setting log level to: NONE</msg>
<msg timestamp="20211213 19:38:58.765" level="INFO">Log level changed from NONE to INFO.</msg>
<status status="PASS" starttime="20211213 19:38:58.702" endtime="20211213 19:38:58.765"/>
</kw>
<status status="PASS" starttime="20211213 19:38:58.702" endtime="20211213 19:38:58.765"/>
</kw>
<kw name="Submit Credentials" library="resources">
<kw name="Click Button" library="SeleniumLibrary">
<arg>login-button</arg>
<doc>Clicks the button identified by ``locator``.</doc>
<msg timestamp="20211213 19:38:58.766" level="INFO">Clicking button 'login-button'.</msg>
<status status="PASS" starttime="20211213 19:38:58.766" endtime="20211213 19:38:58.814"/>
</kw>
<status status="PASS" starttime="20211213 19:38:58.766" endtime="20211213 19:38:58.814"/>
</kw>
<kw name="Element Text Should Be" library="SeleniumLibrary">
<arg>xpath://*[@id="login_button_container"]/div/form/div[3]/h3</arg>
<arg>Epic sadface: Sorry, this user has been locked out.</arg>
<doc>Verifies that element ``locator`` contains exact the text ``expected``.</doc>
<msg timestamp="20211213 19:38:58.816" level="INFO">Verifying element 'xpath://*[@id="login_button_container"]/div/form/div[3]/h3' contains exact text 'Epic sadface: Sorry, this user has been locked out.'.</msg>
<status status="PASS" starttime="20211213 19:38:58.815" endtime="20211213 19:38:58.837"/>
</kw>
<kw name="Close Browser" library="SeleniumLibrary" type="TEARDOWN">
<doc>Closes the current browser.</doc>
<status status="PASS" starttime="20211213 19:38:58.838" endtime="20211213 19:39:01.318"/>
</kw>
<status status="PASS" starttime="20211213 19:38:55.679" endtime="20211213 19:39:01.318"/>
</test>
<test id="s1-s1-t3" name="Typed wrong password">
<kw name="Open Browser To Login Page" library="resources">
<kw name="Open Browser" library="SeleniumLibrary">
<arg>${LOGIN URL}</arg>
<arg>${BROWSER}</arg>
<doc>Opens a new browser instance to the optional ``url``.</doc>
<msg timestamp="20211213 19:39:01.321" level="INFO">Opening browser 'chrome' to base url 'https://www.saucedemo.com/'.</msg>
<status status="PASS" starttime="20211213 19:39:01.320" endtime="20211213 19:39:04.072"/>
</kw>
<kw name="Maximize Browser Window" library="SeleniumLibrary">
<doc>Maximizes current browser window.</doc>
<status status="PASS" starttime="20211213 19:39:04.072" endtime="20211213 19:39:04.302"/>
</kw>
<kw name="Set Selenium Speed" library="SeleniumLibrary">
<arg>${DELAY}</arg>
<doc>Sets the delay that is waited after each Selenium command.</doc>
<status status="PASS" starttime="20211213 19:39:04.303" endtime="20211213 19:39:04.303"/>
</kw>
<kw name="Login Page Should Be Open" library="resources">
<kw name="Page Should Contain Element" library="SeleniumLibrary">
<arg>login-button</arg>
<doc>Verifies that element ``locator`` is found on the current page.</doc>
<msg timestamp="20211213 19:39:04.323" level="INFO">Current page contains element 'login-button'.</msg>
<status status="PASS" starttime="20211213 19:39:04.305" endtime="20211213 19:39:04.324"/>
</kw>
<status status="PASS" starttime="20211213 19:39:04.304" endtime="20211213 19:39:04.324"/>
</kw>
<status status="PASS" starttime="20211213 19:39:01.320" endtime="20211213 19:39:04.324"/>
</kw>
<kw name="Input Username" library="resources">
<arg>${VALID USER}</arg>
<kw name="Input Text" library="SeleniumLibrary">
<arg>user-name</arg>
<arg>${username}</arg>
<doc>Types the given ``text`` into the text field identified by ``locator``.</doc>
<msg timestamp="20211213 19:39:04.326" level="INFO">Typing text 'standard_user' into text field 'user-name'.</msg>
<status status="PASS" starttime="20211213 19:39:04.326" endtime="20211213 19:39:04.441"/>
</kw>
<status status="PASS" starttime="20211213 19:39:04.325" endtime="20211213 19:39:04.442"/>
</kw>
<kw name="Input Password" library="SeleniumLibrary">
<arg>password</arg>
<arg>123456</arg>
<doc>Types the given password into the text field identified by ``locator``.</doc>
<msg timestamp="20211213 19:39:04.443" level="INFO">Typing password into text field 'password'.</msg>
<msg timestamp="20211213 19:39:04.470" level="INFO">Temporally setting log level to: NONE</msg>
<msg timestamp="20211213 19:39:04.502" level="INFO">Log level changed from NONE to INFO.</msg>
<status status="PASS" starttime="20211213 19:39:04.442" endtime="20211213 19:39:04.503"/>
</kw>
<kw name="Submit Credentials" library="resources">
<kw name="Click Button" library="SeleniumLibrary">
<arg>login-button</arg>
<doc>Clicks the button identified by ``locator``.</doc>
<msg timestamp="20211213 19:39:04.503" level="INFO">Clicking button 'login-button'.</msg>
<status status="PASS" starttime="20211213 19:39:04.503" endtime="20211213 19:39:04.550"/>
</kw>
<status status="PASS" starttime="20211213 19:39:04.503" endtime="20211213 19:39:04.550"/>
</kw>
<kw name="Element Text Should Be" library="SeleniumLibrary">
<arg>xpath://*[@id="login_button_container"]/div/form/div[3]/h3</arg>
<arg>Epic sadface: Username and password do not match any user in this service</arg>
<doc>Verifies that element ``locator`` contains exact the text ``expected``.</doc>
<msg timestamp="20211213 19:39:04.551" level="INFO">Verifying element 'xpath://*[@id="login_button_container"]/div/form/div[3]/h3' contains exact text 'Epic sadface: Username and password do not match any user in this service'.</msg>
<status status="PASS" starttime="20211213 19:39:04.551" endtime="20211213 19:39:04.568"/>
</kw>
<kw name="Close Browser" library="SeleniumLibrary" type="TEARDOWN">
<doc>Closes the current browser.</doc>
<status status="PASS" starttime="20211213 19:39:04.568" endtime="20211213 19:39:07.003"/>
</kw>
<status status="PASS" starttime="20211213 19:39:01.320" endtime="20211213 19:39:07.003"/>
</test>
<test id="s1-s1-t4" name="Logged in as problem user and sees a broken inventory page">
<kw name="Open Browser To Login Page" library="resources">
<kw name="Open Browser" library="SeleniumLibrary">
<arg>${LOGIN URL}</arg>
<arg>${BROWSER}</arg>
<doc>Opens a new browser instance to the optional ``url``.</doc>
<msg timestamp="20211213 19:39:07.006" level="INFO">Opening browser 'chrome' to base url 'https://www.saucedemo.com/'.</msg>
<status status="PASS" starttime="20211213 19:39:07.005" endtime="20211213 19:39:09.568"/>
</kw>
<kw name="Maximize Browser Window" library="SeleniumLibrary">
<doc>Maximizes current browser window.</doc>
<status status="PASS" starttime="20211213 19:39:09.568" endtime="20211213 19:39:09.703"/>
</kw>
<kw name="Set Selenium Speed" library="SeleniumLibrary">
<arg>${DELAY}</arg>
<doc>Sets the delay that is waited after each Selenium command.</doc>
<status status="PASS" starttime="20211213 19:39:09.705" endtime="20211213 19:39:09.705"/>
</kw>
<kw name="Login Page Should Be Open" library="resources">
<kw name="Page Should Contain Element" library="SeleniumLibrary">
<arg>login-button</arg>
<doc>Verifies that element ``locator`` is found on the current page.</doc>
<msg timestamp="20211213 19:39:09.788" level="INFO">Current page contains element 'login-button'.</msg>
<status status="PASS" starttime="20211213 19:39:09.706" endtime="20211213 19:39:09.788"/>
</kw>
<status status="PASS" starttime="20211213 19:39:09.706" endtime="20211213 19:39:09.790"/>
</kw>
<status status="PASS" starttime="20211213 19:39:07.005" endtime="20211213 19:39:09.790"/>
</kw>
<kw name="Input Text" library="SeleniumLibrary">
<arg>user-name</arg>
<arg>problem_user</arg>
<doc>Types the given ``text`` into the text field identified by ``locator``.</doc>
<msg timestamp="20211213 19:39:09.797" level="INFO">Typing text 'problem_user' into text field 'user-name'.</msg>
<status status="PASS" starttime="20211213 19:39:09.796" endtime="20211213 19:39:09.901"/>
</kw>
<kw name="Input Pass" library="resources">
<arg>${VALID PASSWORD}</arg>
<kw name="Input Password" library="SeleniumLibrary">
<arg>password</arg>
<arg>${password}</arg>
<doc>Types the given password into the text field identified by ``locator``.</doc>
<msg timestamp="20211213 19:39:09.902" level="INFO">Typing password into text field 'password'.</msg>
<msg timestamp="20211213 19:39:09.937" level="INFO">Temporally setting log level to: NONE</msg>
<msg timestamp="20211213 19:39:09.985" level="INFO">Log level changed from NONE to INFO.</msg>
<status status="PASS" starttime="20211213 19:39:09.902" endtime="20211213 19:39:09.986"/>
</kw>
<status status="PASS" starttime="20211213 19:39:09.902" endtime="20211213 19:39:09.986"/>
</kw>
<kw name="Submit Credentials" library="resources">
<kw name="Click Button" library="SeleniumLibrary">
<arg>login-button</arg>
<doc>Clicks the button identified by ``locator``.</doc>
<msg timestamp="20211213 19:39:09.987" level="INFO">Clicking button 'login-button'.</msg>
<status status="PASS" starttime="20211213 19:39:09.987" endtime="20211213 19:39:10.080"/>
</kw>
<status status="PASS" starttime="20211213 19:39:09.986" endtime="20211213 19:39:10.081"/>
</kw>
<kw name="Page Should Contain Image" library="SeleniumLibrary">
<arg>xpath://*[@id="item_4_img_link"]/img</arg>
<arg>src="/static/media/sl-404.168b1cce.jpg"</arg>
<doc>Verifies image identified by ``locator`` is found from current page.</doc>
<msg timestamp="20211213 19:39:10.093" level="INFO">Current page contains image 'xpath://*[@id="item_4_img_link"]/img'.</msg>
<status status="PASS" starttime="20211213 19:39:10.081" endtime="20211213 19:39:10.093"/>
</kw>
<kw name="Close Browser" library="SeleniumLibrary" type="TEARDOWN">
<doc>Closes the current browser.</doc>
<status status="PASS" starttime="20211213 19:39:10.093" endtime="20211213 19:39:12.597"/>
</kw>
<status status="PASS" starttime="20211213 19:39:07.005" endtime="20211213 19:39:12.597"/>
</test>
<doc>A test suite with a multiple test for validating login functions

This test follows the example using keywords from
the SeleniumLibrary</doc>
<status status="PASS" starttime="20211213 19:38:49.595" endtime="20211213 19:39:12.599"/>
</suite>
<suite id="s1-s2" name="Sort" source="C:\Users\leana\Documents\STSWENG\SeleniumPractice\Exercise-RobotFramework-Practice\tests\sort.robot">
<test id="s1-s2-t1" name="Sort product name (A to Z)">
<kw name="Open Browser To Login Page" library="resources">
<kw name="Open Browser" library="SeleniumLibrary">
<arg>${LOGIN URL}</arg>
<arg>${BROWSER}</arg>
<doc>Opens a new browser instance to the optional ``url``.</doc>
<msg timestamp="20211213 19:39:12.606" level="INFO">Opening browser 'chrome' to base url 'https://www.saucedemo.com/'.</msg>
<status status="PASS" starttime="20211213 19:39:12.606" endtime="20211213 19:39:15.447"/>
</kw>
<kw name="Maximize Browser Window" library="SeleniumLibrary">
<doc>Maximizes current browser window.</doc>
<status status="PASS" starttime="20211213 19:39:15.448" endtime="20211213 19:39:15.682"/>
</kw>
<kw name="Set Selenium Speed" library="SeleniumLibrary">
<arg>${DELAY}</arg>
<doc>Sets the delay that is waited after each Selenium command.</doc>
<status status="PASS" starttime="20211213 19:39:15.682" endtime="20211213 19:39:15.684"/>
</kw>
<kw name="Login Page Should Be Open" library="resources">
<kw name="Page Should Contain Element" library="SeleniumLibrary">
<arg>login-button</arg>
<doc>Verifies that element ``locator`` is found on the current page.</doc>
<msg timestamp="20211213 19:39:15.705" level="INFO">Current page contains element 'login-button'.</msg>
<status status="PASS" starttime="20211213 19:39:15.687" endtime="20211213 19:39:15.705"/>
</kw>
<status status="PASS" starttime="20211213 19:39:15.685" endtime="20211213 19:39:15.705"/>
</kw>
<status status="PASS" starttime="20211213 19:39:12.605" endtime="20211213 19:39:15.705"/>
</kw>
<kw name="Input Username" library="resources">
<arg>${VALID USER}</arg>
<kw name="Input Text" library="SeleniumLibrary">
<arg>user-name</arg>
<arg>${username}</arg>
<doc>Types the given ``text`` into the text field identified by ``locator``.</doc>
<msg timestamp="20211213 19:39:15.709" level="INFO">Typing text 'standard_user' into text field 'user-name'.</msg>
<status status="PASS" starttime="20211213 19:39:15.708" endtime="20211213 19:39:15.840"/>
</kw>
<status status="PASS" starttime="20211213 19:39:15.707" endtime="20211213 19:39:15.840"/>
</kw>
<kw name="Input Pass" library="resources">
<arg>${VALID PASSWORD}</arg>
<kw name="Input Password" library="SeleniumLibrary">
<arg>password</arg>
<arg>${password}</arg>
<doc>Types the given password into the text field identified by ``locator``.</doc>
<msg timestamp="20211213 19:39:15.845" level="INFO">Typing password into text field 'password'.</msg>
<msg timestamp="20211213 19:39:15.882" level="INFO">Temporally setting log level to: NONE</msg>
<msg timestamp="20211213 19:39:15.923" level="INFO">Log level changed from NONE to INFO.</msg>
<status status="PASS" starttime="20211213 19:39:15.842" endtime="20211213 19:39:15.923"/>
</kw>
<status status="PASS" starttime="20211213 19:39:15.841" endtime="20211213 19:39:15.923"/>
</kw>
<kw name="Submit Credentials" library="resources">
<kw name="Click Button" library="SeleniumLibrary">
<arg>login-button</arg>
<doc>Clicks the button identified by ``locator``.</doc>
<msg timestamp="20211213 19:39:15.924" level="INFO">Clicking button 'login-button'.</msg>
<status status="PASS" starttime="20211213 19:39:15.924" endtime="20211213 19:39:16.005"/>
</kw>
<status status="PASS" starttime="20211213 19:39:15.924" endtime="20211213 19:39:16.005"/>
</kw>
<kw name="Mouse Over" library="SeleniumLibrary">
<arg>xpath://*[@id="header_container"]/div[2]/div[2]/span/select</arg>
<doc>Simulates hovering the mouse over the element ``locator``.</doc>
<msg timestamp="20211213 19:39:16.006" level="INFO">Simulating Mouse Over on element 'xpath://*[@id="header_container"]/div[2]/div[2]/span/select'.</msg>
<status status="PASS" starttime="20211213 19:39:16.005" endtime="20211213 19:39:16.301"/>
</kw>
<kw name="Click Element" library="SeleniumLibrary">
<arg>xpath://*[@id="header_container"]/div[2]/div[2]/span/select</arg>
<doc>Click the element identified by ``locator``.</doc>
<msg timestamp="20211213 19:39:16.301" level="INFO">Clicking element 'xpath://*[@id="header_container"]/div[2]/div[2]/span/select'.</msg>
<status status="PASS" starttime="20211213 19:39:16.301" endtime="20211213 19:39:16.340"/>
</kw>
<kw name="Click Element" library="SeleniumLibrary">
<arg>xpath://*[@id="header_container"]/div[2]/div[2]/span/select/option[1]</arg>
<doc>Click the element identified by ``locator``.</doc>
<msg timestamp="20211213 19:39:16.343" level="INFO">Clicking element 'xpath://*[@id="header_container"]/div[2]/div[2]/span/select/option[1]'.</msg>
<status status="PASS" starttime="20211213 19:39:16.342" endtime="20211213 19:39:16.369"/>
</kw>
<kw name="Element Text Should Be" library="SeleniumLibrary">
<arg>class:active_option</arg>
<arg>NAME (A TO Z)</arg>
<doc>Verifies that element ``locator`` contains exact the text ``expected``.</doc>
<msg timestamp="20211213 19:39:16.370" level="INFO">Verifying element 'class:active_option' contains exact text 'NAME (A TO Z)'.</msg>
<status status="PASS" starttime="20211213 19:39:16.370" endtime="20211213 19:39:16.387"/>
</kw>
<status status="PASS" starttime="20211213 19:39:12.605" endtime="20211213 19:39:16.387"/>
</test>
<test id="s1-s2-t2" name="Sort product name (Z to A)">
<kw name="Mouse Over" library="SeleniumLibrary">
<arg>xpath://*[@id="header_container"]/div[2]/div[2]/span/select</arg>
<doc>Simulates hovering the mouse over the element ``locator``.</doc>
<msg timestamp="20211213 19:39:16.388" level="INFO">Simulating Mouse Over on element 'xpath://*[@id="header_container"]/div[2]/div[2]/span/select'.</msg>
<status status="PASS" starttime="20211213 19:39:16.388" endtime="20211213 19:39:16.653"/>
</kw>
<kw name="Click Element" library="SeleniumLibrary">
<arg>xpath://*[@id="header_container"]/div[2]/div[2]/span/select</arg>
<doc>Click the element identified by ``locator``.</doc>
<msg timestamp="20211213 19:39:16.654" level="INFO">Clicking element 'xpath://*[@id="header_container"]/div[2]/div[2]/span/select'.</msg>
<status status="PASS" starttime="20211213 19:39:16.654" endtime="20211213 19:39:16.691"/>
</kw>
<kw name="Click Element" library="SeleniumLibrary">
<arg>xpath://*[@id="header_container"]/div[2]/div[2]/span/select/option[2]</arg>
<doc>Click the element identified by ``locator``.</doc>
<msg timestamp="20211213 19:39:16.691" level="INFO">Clicking element 'xpath://*[@id="header_container"]/div[2]/div[2]/span/select/option[2]'.</msg>
<status status="PASS" starttime="20211213 19:39:16.691" endtime="20211213 19:39:16.719"/>
</kw>
<kw name="Element Text Should Be" library="SeleniumLibrary">
<arg>class:active_option</arg>
<arg>NAME (Z TO A)</arg>
<doc>Verifies that element ``locator`` contains exact the text ``expected``.</doc>
<msg timestamp="20211213 19:39:16.720" level="INFO">Verifying element 'class:active_option' contains exact text 'NAME (Z TO A)'.</msg>
<status status="PASS" starttime="20211213 19:39:16.720" endtime="20211213 19:39:16.736"/>
</kw>
<status status="PASS" starttime="20211213 19:39:16.388" endtime="20211213 19:39:16.736"/>
</test>
<test id="s1-s2-t3" name="Sort product price (low to high)">
<kw name="Mouse Over" library="SeleniumLibrary">
<arg>xpath://*[@id="header_container"]/div[2]/div[2]/span/select</arg>
<doc>Simulates hovering the mouse over the element ``locator``.</doc>
<msg timestamp="20211213 19:39:16.737" level="INFO">Simulating Mouse Over on element 'xpath://*[@id="header_container"]/div[2]/div[2]/span/select'.</msg>
<status status="PASS" starttime="20211213 19:39:16.737" endtime="20211213 19:39:17.015"/>
</kw>
<kw name="Click Element" library="SeleniumLibrary">
<arg>xpath://*[@id="header_container"]/div[2]/div[2]/span/select</arg>
<doc>Click the element identified by ``locator``.</doc>
<msg timestamp="20211213 19:39:17.016" level="INFO">Clicking element 'xpath://*[@id="header_container"]/div[2]/div[2]/span/select'.</msg>
<status status="PASS" starttime="20211213 19:39:17.016" endtime="20211213 19:39:17.054"/>
</kw>
<kw name="Click Element" library="SeleniumLibrary">
<arg>xpath://*[@id="header_container"]/div[2]/div[2]/span/select/option[3]</arg>
<doc>Click the element identified by ``locator``.</doc>
<msg timestamp="20211213 19:39:17.055" level="INFO">Clicking element 'xpath://*[@id="header_container"]/div[2]/div[2]/span/select/option[3]'.</msg>
<status status="PASS" starttime="20211213 19:39:17.055" endtime="20211213 19:39:17.095"/>
</kw>
<kw name="Element Text Should Be" library="SeleniumLibrary">
<arg>class:active_option</arg>
<arg>PRICE (LOW TO HIGH)</arg>
<doc>Verifies that element ``locator`` contains exact the text ``expected``.</doc>
<msg timestamp="20211213 19:39:17.096" level="INFO">Verifying element 'class:active_option' contains exact text 'PRICE (LOW TO HIGH)'.</msg>
<status status="PASS" starttime="20211213 19:39:17.095" endtime="20211213 19:39:17.115"/>
</kw>
<status status="PASS" starttime="20211213 19:39:16.737" endtime="20211213 19:39:17.116"/>
</test>
<test id="s1-s2-t4" name="Sort product price (high to low)">
<kw name="Mouse Over" library="SeleniumLibrary">
<arg>xpath://*[@id="header_container"]/div[2]/div[2]/span/select</arg>
<doc>Simulates hovering the mouse over the element ``locator``.</doc>
<msg timestamp="20211213 19:39:17.119" level="INFO">Simulating Mouse Over on element 'xpath://*[@id="header_container"]/div[2]/div[2]/span/select'.</msg>
<status status="PASS" starttime="20211213 19:39:17.118" endtime="20211213 19:39:17.399"/>
</kw>
<kw name="Click Element" library="SeleniumLibrary">
<arg>xpath://*[@id="header_container"]/div[2]/div[2]/span/select</arg>
<doc>Click the element identified by ``locator``.</doc>
<msg timestamp="20211213 19:39:17.402" level="INFO">Clicking element 'xpath://*[@id="header_container"]/div[2]/div[2]/span/select'.</msg>
<status status="PASS" starttime="20211213 19:39:17.401" endtime="20211213 19:39:17.449"/>
</kw>
<kw name="Click Element" library="SeleniumLibrary">
<arg>xpath://*[@id="header_container"]/div[2]/div[2]/span/select/option[4]</arg>
<doc>Click the element identified by ``locator``.</doc>
<msg timestamp="20211213 19:39:17.451" level="INFO">Clicking element 'xpath://*[@id="header_container"]/div[2]/div[2]/span/select/option[4]'.</msg>
<status status="PASS" starttime="20211213 19:39:17.450" endtime="20211213 19:39:17.489"/>
</kw>
<kw name="Element Text Should Be" library="SeleniumLibrary">
<arg>class:active_option</arg>
<arg>PRICE (HIGH TO LOW)</arg>
<doc>Verifies that element ``locator`` contains exact the text ``expected``.</doc>
<msg timestamp="20211213 19:39:17.492" level="INFO">Verifying element 'class:active_option' contains exact text 'PRICE (HIGH TO LOW)'.</msg>
<status status="PASS" starttime="20211213 19:39:17.491" endtime="20211213 19:39:17.518"/>
</kw>
<kw name="Close Browser" library="SeleniumLibrary" type="TEARDOWN">
<doc>Closes the current browser.</doc>
<status status="PASS" starttime="20211213 19:39:17.518" endtime="20211213 19:39:20.076"/>
</kw>
<status status="PASS" starttime="20211213 19:39:17.117" endtime="20211213 19:39:20.077"/>
</test>
<doc>A test suite with a multiple test for validating sort functions

This test follows the example using keywords from
the SeleniumLibrary</doc>
<status status="PASS" starttime="20211213 19:39:12.600" endtime="20211213 19:39:20.079"/>
</suite>
<status status="PASS" starttime="20211213 19:38:49.570" endtime="20211213 19:39:20.081"/>
</suite>
<statistics>
<total>
<stat pass="8" fail="0" skip="0">All Tests</stat>
</total>
<tag>
</tag>
<suite>
<stat pass="8" fail="0" skip="0" id="s1" name="Tests">Tests</stat>
<stat pass="4" fail="0" skip="0" id="s1-s1" name="Login">Tests.Login</stat>
<stat pass="4" fail="0" skip="0" id="s1-s2" name="Sort">Tests.Sort</stat>
</suite>
</statistics>
<errors>
</errors>
</robot>
