<?xml version="1.0" encoding="UTF-8"?>
<robot generator="Robot 4.1.2 (Python 3.9.1 on win32)" generated="20211213 19:43:21.413" rpa="false" schemaversion="2">
<suite id="s1" name="Tests" source="C:\Users\leana\Documents\STSWENG\SeleniumPractice\Exercise-RobotFramework-Practice\tests">
<suite id="s1-s1" name="Login" source="C:\Users\leana\Documents\STSWENG\SeleniumPractice\Exercise-RobotFramework-Practice\tests\login.robot">
<test id="s1-s1-t1" name="Successful user log in">
<kw name="Open Browser To Login Page" library="resources">
<kw name="Open Browser" library="SeleniumLibrary">
<arg>${LOGIN URL}</arg>
<arg>${BROWSER}</arg>
<doc>Opens a new browser instance to the optional ``url``.</doc>
<msg timestamp="20211213 19:43:21.638" level="INFO">Opening browser 'chrome' to base url 'https://www.saucedemo.com/'.</msg>
<status status="PASS" starttime="20211213 19:43:21.638" endtime="20211213 19:43:24.495"/>
</kw>
<kw name="Maximize Browser Window" library="SeleniumLibrary">
<doc>Maximizes current browser window.</doc>
<status status="PASS" starttime="20211213 19:43:24.496" endtime="20211213 19:43:24.694"/>
</kw>
<kw name="Set Selenium Speed" library="SeleniumLibrary">
<arg>${DELAY}</arg>
<doc>Sets the delay that is waited after each Selenium command.</doc>
<status status="PASS" starttime="20211213 19:43:24.695" endtime="20211213 19:43:24.698"/>
</kw>
<kw name="Login Page Should Be Open" library="resources">
<kw name="Page Should Contain Element" library="SeleniumLibrary">
<arg>login-button</arg>
<doc>Verifies that element ``locator`` is found on the current page.</doc>
<msg timestamp="20211213 19:43:24.751" level="INFO">Current page contains element 'login-button'.</msg>
<status status="PASS" starttime="20211213 19:43:24.701" endtime="20211213 19:43:24.751"/>
</kw>
<status status="PASS" starttime="20211213 19:43:24.699" endtime="20211213 19:43:24.751"/>
</kw>
<status status="PASS" starttime="20211213 19:43:21.637" endtime="20211213 19:43:24.751"/>
</kw>
<kw name="Input Username" library="resources">
<arg>${VALID USER}</arg>
<kw name="Input Text" library="SeleniumLibrary">
<arg>user-name</arg>
<arg>${username}</arg>
<doc>Types the given ``text`` into the text field identified by ``locator``.</doc>
<msg timestamp="20211213 19:43:24.753" level="INFO">Typing text 'standard_user' into text field 'user-name'.</msg>
<status status="PASS" starttime="20211213 19:43:24.752" endtime="20211213 19:43:24.879"/>
</kw>
<status status="PASS" starttime="20211213 19:43:24.752" endtime="20211213 19:43:24.879"/>
</kw>
<kw name="Input Pass" library="resources">
<arg>${VALID PASSWORD}</arg>
<kw name="Input Password" library="SeleniumLibrary">
<arg>password</arg>
<arg>${password}</arg>
<doc>Types the given password into the text field identified by ``locator``.</doc>
<msg timestamp="20211213 19:43:24.881" level="INFO">Typing password into text field 'password'.</msg>
<msg timestamp="20211213 19:43:24.907" level="INFO">Temporally setting log level to: NONE</msg>
<msg timestamp="20211213 19:43:24.950" level="INFO">Log level changed from NONE to INFO.</msg>
<status status="PASS" starttime="20211213 19:43:24.881" endtime="20211213 19:43:24.950"/>
</kw>
<status status="PASS" starttime="20211213 19:43:24.880" endtime="20211213 19:43:24.950"/>
</kw>
<kw name="Submit Credentials" library="resources">
<kw name="Click Button" library="SeleniumLibrary">
<arg>login-button</arg>
<doc>Clicks the button identified by ``locator``.</doc>
<msg timestamp="20211213 19:43:24.952" level="INFO">Clicking button 'login-button'.</msg>
<status status="PASS" starttime="20211213 19:43:24.951" endtime="20211213 19:43:25.047"/>
</kw>
<status status="PASS" starttime="20211213 19:43:24.951" endtime="20211213 19:43:25.048"/>
</kw>
<kw name="Product Page Should Be Open" library="resources">
<kw name="Element Text Should Be" library="SeleniumLibrary">
<arg>class:title</arg>
<arg>PRODUCTS</arg>
<doc>Verifies that element ``locator`` contains exact the text ``expected``.</doc>
<msg timestamp="20211213 19:43:25.049" level="INFO">Verifying element 'class:title' contains exact text 'PRODUCTS'.</msg>
<status status="PASS" starttime="20211213 19:43:25.049" endtime="20211213 19:43:25.067"/>
</kw>
<status status="PASS" starttime="20211213 19:43:25.048" endtime="20211213 19:43:25.067"/>
</kw>
<kw name="Close Browser" library="SeleniumLibrary" type="TEARDOWN">
<doc>Closes the current browser.</doc>
<status status="PASS" starttime="20211213 19:43:25.068" endtime="20211213 19:43:27.604"/>
</kw>
<status status="PASS" starttime="20211213 19:43:21.637" endtime="20211213 19:43:27.605"/>
</test>
<test id="s1-s1-t2" name="Unsuccessful user log in by a locked out user">
<kw name="Open Browser To Login Page" library="resources">
<kw name="Open Browser" library="SeleniumLibrary">
<arg>${LOGIN URL}</arg>
<arg>${BROWSER}</arg>
<doc>Opens a new browser instance to the optional ``url``.</doc>
<msg timestamp="20211213 19:43:27.607" level="INFO">Opening browser 'chrome' to base url 'https://www.saucedemo.com/'.</msg>
<status status="PASS" starttime="20211213 19:43:27.607" endtime="20211213 19:43:30.438"/>
</kw>
<kw name="Maximize Browser Window" library="SeleniumLibrary">
<doc>Maximizes current browser window.</doc>
<status status="PASS" starttime="20211213 19:43:30.438" endtime="20211213 19:43:30.586"/>
</kw>
<kw name="Set Selenium Speed" library="SeleniumLibrary">
<arg>${DELAY}</arg>
<doc>Sets the delay that is waited after each Selenium command.</doc>
<status status="PASS" starttime="20211213 19:43:30.587" endtime="20211213 19:43:30.590"/>
</kw>
<kw name="Login Page Should Be Open" library="resources">
<kw name="Page Should Contain Element" library="SeleniumLibrary">
<arg>login-button</arg>
<doc>Verifies that element ``locator`` is found on the current page.</doc>
<msg timestamp="20211213 19:43:30.638" level="INFO">Current page contains element 'login-button'.</msg>
<status status="PASS" starttime="20211213 19:43:30.591" endtime="20211213 19:43:30.640"/>
</kw>
<status status="PASS" starttime="20211213 19:43:30.590" endtime="20211213 19:43:30.642"/>
</kw>
<status status="PASS" starttime="20211213 19:43:27.607" endtime="20211213 19:43:30.643"/>
</kw>
<kw name="Input Username" library="resources">
<arg>${LOCKED OUT USER}</arg>
<kw name="Input Text" library="SeleniumLibrary">
<arg>user-name</arg>
<arg>${username}</arg>
<doc>Types the given ``text`` into the text field identified by ``locator``.</doc>
<msg timestamp="20211213 19:43:30.662" level="INFO">Typing text 'locked_out_user' into text field 'user-name'.</msg>
<status status="PASS" starttime="20211213 19:43:30.655" endtime="20211213 19:43:30.792"/>
</kw>
<status status="PASS" starttime="20211213 19:43:30.648" endtime="20211213 19:43:30.792"/>
</kw>
<kw name="Input Pass" library="resources">
<arg>${VALID PASSWORD}</arg>
<kw name="Input Password" library="SeleniumLibrary">
<arg>password</arg>
<arg>${password}</arg>
<doc>Types the given password into the text field identified by ``locator``.</doc>
<msg timestamp="20211213 19:43:30.794" level="INFO">Typing password into text field 'password'.</msg>
<msg timestamp="20211213 19:43:30.825" level="INFO">Temporally setting log level to: NONE</msg>
<msg timestamp="20211213 19:43:30.859" level="INFO">Log level changed from NONE to INFO.</msg>
<status status="PASS" starttime="20211213 19:43:30.793" endtime="20211213 19:43:30.859"/>
</kw>
<status status="PASS" starttime="20211213 19:43:30.792" endtime="20211213 19:43:30.859"/>
</kw>
<kw name="Submit Credentials" library="resources">
<kw name="Click Button" library="SeleniumLibrary">
<arg>login-button</arg>
<doc>Clicks the button identified by ``locator``.</doc>
<msg timestamp="20211213 19:43:30.860" level="INFO">Clicking button 'login-button'.</msg>
<status status="PASS" starttime="20211213 19:43:30.860" endtime="20211213 19:43:30.909"/>
</kw>
<status status="PASS" starttime="20211213 19:43:30.859" endtime="20211213 19:43:30.910"/>
</kw>
<kw name="Element Text Should Be" library="SeleniumLibrary">
<arg>xpath://*[@id="login_button_container"]/div/form/div[3]/h3</arg>
<arg>Epic sadface: Sorry, this user has been locked out.</arg>
<doc>Verifies that element ``locator`` contains exact the text ``expected``.</doc>
<msg timestamp="20211213 19:43:30.915" level="INFO">Verifying element 'xpath://*[@id="login_button_container"]/div/form/div[3]/h3' contains exact text 'Epic sadface: Sorry, this user has been locked out.'.</msg>
<status status="PASS" starttime="20211213 19:43:30.914" endtime="20211213 19:43:30.934"/>
</kw>
<kw name="Close Browser" library="SeleniumLibrary" type="TEARDOWN">
<doc>Closes the current browser.</doc>
<status status="PASS" starttime="20211213 19:43:30.934" endtime="20211213 19:43:33.489"/>
</kw>
<status status="PASS" starttime="20211213 19:43:27.606" endtime="20211213 19:43:33.489"/>
</test>
<test id="s1-s1-t3" name="Typed wrong password">
<kw name="Open Browser To Login Page" library="resources">
<kw name="Open Browser" library="SeleniumLibrary">
<arg>${LOGIN URL}</arg>
<arg>${BROWSER}</arg>
<doc>Opens a new browser instance to the optional ``url``.</doc>
<msg timestamp="20211213 19:43:33.492" level="INFO">Opening browser 'chrome' to base url 'https://www.saucedemo.com/'.</msg>
<status status="PASS" starttime="20211213 19:43:33.491" endtime="20211213 19:43:36.888"/>
</kw>
<kw name="Maximize Browser Window" library="SeleniumLibrary">
<doc>Maximizes current browser window.</doc>
<status status="PASS" starttime="20211213 19:43:36.888" endtime="20211213 19:43:37.193"/>
</kw>
<kw name="Set Selenium Speed" library="SeleniumLibrary">
<arg>${DELAY}</arg>
<doc>Sets the delay that is waited after each Selenium command.</doc>
<status status="PASS" starttime="20211213 19:43:37.193" endtime="20211213 19:43:37.194"/>
</kw>
<kw name="Login Page Should Be Open" library="resources">
<kw name="Page Should Contain Element" library="SeleniumLibrary">
<arg>login-button</arg>
<doc>Verifies that element ``locator`` is found on the current page.</doc>
<msg timestamp="20211213 19:43:37.222" level="INFO">Current page contains element 'login-button'.</msg>
<status status="PASS" starttime="20211213 19:43:37.194" endtime="20211213 19:43:37.222"/>
</kw>
<status status="PASS" starttime="20211213 19:43:37.194" endtime="20211213 19:43:37.222"/>
</kw>
<status status="PASS" starttime="20211213 19:43:33.491" endtime="20211213 19:43:37.223"/>
</kw>
<kw name="Input Username" library="resources">
<arg>${VALID USER}</arg>
<kw name="Input Text" library="SeleniumLibrary">
<arg>user-name</arg>
<arg>${username}</arg>
<doc>Types the given ``text`` into the text field identified by ``locator``.</doc>
<msg timestamp="20211213 19:43:37.226" level="INFO">Typing text 'standard_user' into text field 'user-name'.</msg>
<status status="PASS" starttime="20211213 19:43:37.225" endtime="20211213 19:43:37.470"/>
</kw>
<status status="PASS" starttime="20211213 19:43:37.223" endtime="20211213 19:43:37.470"/>
</kw>
<kw name="Input Password" library="SeleniumLibrary">
<arg>password</arg>
<arg>123456</arg>
<doc>Types the given password into the text field identified by ``locator``.</doc>
<msg timestamp="20211213 19:43:37.471" level="INFO">Typing password into text field 'password'.</msg>
<msg timestamp="20211213 19:43:37.548" level="INFO">Temporally setting log level to: NONE</msg>
<msg timestamp="20211213 19:43:37.582" level="INFO">Log level changed from NONE to INFO.</msg>
<status status="PASS" starttime="20211213 19:43:37.471" endtime="20211213 19:43:37.582"/>
</kw>
<kw name="Submit Credentials" library="resources">
<kw name="Click Button" library="SeleniumLibrary">
<arg>login-button</arg>
<doc>Clicks the button identified by ``locator``.</doc>
<msg timestamp="20211213 19:43:37.583" level="INFO">Clicking button 'login-button'.</msg>
<status status="PASS" starttime="20211213 19:43:37.583" endtime="20211213 19:43:37.625"/>
</kw>
<status status="PASS" starttime="20211213 19:43:37.582" endtime="20211213 19:43:37.626"/>
</kw>
<kw name="Element Text Should Be" library="SeleniumLibrary">
<arg>xpath://*[@id="login_button_container"]/div/form/div[3]/h3</arg>
<arg>Epic sadface: Username and password do not match any user in this service</arg>
<doc>Verifies that element ``locator`` contains exact the text ``expected``.</doc>
<msg timestamp="20211213 19:43:37.627" level="INFO">Verifying element 'xpath://*[@id="login_button_container"]/div/form/div[3]/h3' contains exact text 'Epic sadface: Username and password do not match any user in this service'.</msg>
<status status="PASS" starttime="20211213 19:43:37.626" endtime="20211213 19:43:37.649"/>
</kw>
<kw name="Close Browser" library="SeleniumLibrary" type="TEARDOWN">
<doc>Closes the current browser.</doc>
<status status="PASS" starttime="20211213 19:43:37.649" endtime="20211213 19:43:39.989"/>
</kw>
<status status="PASS" starttime="20211213 19:43:33.490" endtime="20211213 19:43:39.990"/>
</test>
<test id="s1-s1-t4" name="Logged in as problem user and sees a broken inventory page">
<kw name="Open Browser To Login Page" library="resources">
<kw name="Open Browser" library="SeleniumLibrary">
<arg>${LOGIN URL}</arg>
<arg>${BROWSER}</arg>
<doc>Opens a new browser instance to the optional ``url``.</doc>
<msg timestamp="20211213 19:43:39.992" level="INFO">Opening browser 'chrome' to base url 'https://www.saucedemo.com/'.</msg>
<status status="PASS" starttime="20211213 19:43:39.992" endtime="20211213 19:43:43.324"/>
</kw>
<kw name="Maximize Browser Window" library="SeleniumLibrary">
<doc>Maximizes current browser window.</doc>
<status status="PASS" starttime="20211213 19:43:43.324" endtime="20211213 19:43:43.542"/>
</kw>
<kw name="Set Selenium Speed" library="SeleniumLibrary">
<arg>${DELAY}</arg>
<doc>Sets the delay that is waited after each Selenium command.</doc>
<status status="PASS" starttime="20211213 19:43:43.542" endtime="20211213 19:43:43.543"/>
</kw>
<kw name="Login Page Should Be Open" library="resources">
<kw name="Page Should Contain Element" library="SeleniumLibrary">
<arg>login-button</arg>
<doc>Verifies that element ``locator`` is found on the current page.</doc>
<msg timestamp="20211213 19:43:43.588" level="INFO">Current page contains element 'login-button'.</msg>
<status status="PASS" starttime="20211213 19:43:43.545" endtime="20211213 19:43:43.588"/>
</kw>
<status status="PASS" starttime="20211213 19:43:43.544" endtime="20211213 19:43:43.589"/>
</kw>
<status status="PASS" starttime="20211213 19:43:39.991" endtime="20211213 19:43:43.589"/>
</kw>
<kw name="Input Text" library="SeleniumLibrary">
<arg>user-name</arg>
<arg>problem_user</arg>
<doc>Types the given ``text`` into the text field identified by ``locator``.</doc>
<msg timestamp="20211213 19:43:43.590" level="INFO">Typing text 'problem_user' into text field 'user-name'.</msg>
<status status="PASS" starttime="20211213 19:43:43.590" endtime="20211213 19:43:43.715"/>
</kw>
<kw name="Input Pass" library="resources">
<arg>${VALID PASSWORD}</arg>
<kw name="Input Password" library="SeleniumLibrary">
<arg>password</arg>
<arg>${password}</arg>
<doc>Types the given password into the text field identified by ``locator``.</doc>
<msg timestamp="20211213 19:43:43.718" level="INFO">Typing password into text field 'password'.</msg>
<msg timestamp="20211213 19:43:43.751" level="INFO">Temporally setting log level to: NONE</msg>
<msg timestamp="20211213 19:43:43.787" level="INFO">Log level changed from NONE to INFO.</msg>
<status status="PASS" starttime="20211213 19:43:43.717" endtime="20211213 19:43:43.787"/>
</kw>
<status status="PASS" starttime="20211213 19:43:43.716" endtime="20211213 19:43:43.787"/>
</kw>
<kw name="Submit Credentials" library="resources">
<kw name="Click Button" library="SeleniumLibrary">
<arg>login-button</arg>
<doc>Clicks the button identified by ``locator``.</doc>
<msg timestamp="20211213 19:43:43.788" level="INFO">Clicking button 'login-button'.</msg>
<status status="PASS" starttime="20211213 19:43:43.788" endtime="20211213 19:43:43.867"/>
</kw>
<status status="PASS" starttime="20211213 19:43:43.788" endtime="20211213 19:43:43.867"/>
</kw>
<kw name="Page Should Contain Image" library="SeleniumLibrary">
<arg>xpath://*[@id="item_4_img_link"]/img</arg>
<arg>src="/static/media/sl-404.168b1cce.jpg"</arg>
<doc>Verifies image identified by ``locator`` is found from current page.</doc>
<msg timestamp="20211213 19:43:43.885" level="INFO">Current page contains image 'xpath://*[@id="item_4_img_link"]/img'.</msg>
<status status="PASS" starttime="20211213 19:43:43.868" endtime="20211213 19:43:43.885"/>
</kw>
<kw name="Close Browser" library="SeleniumLibrary" type="TEARDOWN">
<doc>Closes the current browser.</doc>
<status status="PASS" starttime="20211213 19:43:43.886" endtime="20211213 19:43:46.341"/>
</kw>
<status status="PASS" starttime="20211213 19:43:39.991" endtime="20211213 19:43:46.342"/>
</test>
<doc>A test suite with a multiple test for validating login functions

This test follows the example using keywords from
the SeleniumLibrary</doc>
<status status="PASS" starttime="20211213 19:43:21.443" endtime="20211213 19:43:46.345"/>
</suite>
<suite id="s1-s2" name="Sort" source="C:\Users\leana\Documents\STSWENG\SeleniumPractice\Exercise-RobotFramework-Practice\tests\sort.robot">
<test id="s1-s2-t1" name="Sort product name (A to Z)">
<kw name="Open Browser To Login Page" library="resources">
<kw name="Open Browser" library="SeleniumLibrary">
<arg>${LOGIN URL}</arg>
<arg>${BROWSER}</arg>
<doc>Opens a new browser instance to the optional ``url``.</doc>
<msg timestamp="20211213 19:43:46.352" level="INFO">Opening browser 'chrome' to base url 'https://www.saucedemo.com/'.</msg>
<status status="PASS" starttime="20211213 19:43:46.351" endtime="20211213 19:43:49.167"/>
</kw>
<kw name="Maximize Browser Window" library="SeleniumLibrary">
<doc>Maximizes current browser window.</doc>
<status status="PASS" starttime="20211213 19:43:49.167" endtime="20211213 19:43:49.428"/>
</kw>
<kw name="Set Selenium Speed" library="SeleniumLibrary">
<arg>${DELAY}</arg>
<doc>Sets the delay that is waited after each Selenium command.</doc>
<status status="PASS" starttime="20211213 19:43:49.429" endtime="20211213 19:43:49.430"/>
</kw>
<kw name="Login Page Should Be Open" library="resources">
<kw name="Page Should Contain Element" library="SeleniumLibrary">
<arg>login-button</arg>
<doc>Verifies that element ``locator`` is found on the current page.</doc>
<msg timestamp="20211213 19:43:49.472" level="INFO">Current page contains element 'login-button'.</msg>
<status status="PASS" starttime="20211213 19:43:49.431" endtime="20211213 19:43:49.472"/>
</kw>
<status status="PASS" starttime="20211213 19:43:49.430" endtime="20211213 19:43:49.473"/>
</kw>
<status status="PASS" starttime="20211213 19:43:46.351" endtime="20211213 19:43:49.473"/>
</kw>
<kw name="Input Username" library="resources">
<arg>${VALID USER}</arg>
<kw name="Input Text" library="SeleniumLibrary">
<arg>user-name</arg>
<arg>${username}</arg>
<doc>Types the given ``text`` into the text field identified by ``locator``.</doc>
<msg timestamp="20211213 19:43:49.476" level="INFO">Typing text 'standard_user' into text field 'user-name'.</msg>
<status status="PASS" starttime="20211213 19:43:49.475" endtime="20211213 19:43:49.596"/>
</kw>
<status status="PASS" starttime="20211213 19:43:49.474" endtime="20211213 19:43:49.597"/>
</kw>
<kw name="Input Pass" library="resources">
<arg>${VALID PASSWORD}</arg>
<kw name="Input Password" library="SeleniumLibrary">
<arg>password</arg>
<arg>${password}</arg>
<doc>Types the given password into the text field identified by ``locator``.</doc>
<msg timestamp="20211213 19:43:49.597" level="INFO">Typing password into text field 'password'.</msg>
<msg timestamp="20211213 19:43:49.625" level="INFO">Temporally setting log level to: NONE</msg>
<msg timestamp="20211213 19:43:49.659" level="INFO">Log level changed from NONE to INFO.</msg>
<status status="PASS" starttime="20211213 19:43:49.597" endtime="20211213 19:43:49.659"/>
</kw>
<status status="PASS" starttime="20211213 19:43:49.597" endtime="20211213 19:43:49.659"/>
</kw>
<kw name="Submit Credentials" library="resources">
<kw name="Click Button" library="SeleniumLibrary">
<arg>login-button</arg>
<doc>Clicks the button identified by ``locator``.</doc>
<msg timestamp="20211213 19:43:49.661" level="INFO">Clicking button 'login-button'.</msg>
<status status="PASS" starttime="20211213 19:43:49.660" endtime="20211213 19:43:49.748"/>
</kw>
<status status="PASS" starttime="20211213 19:43:49.660" endtime="20211213 19:43:49.749"/>
</kw>
<kw name="Mouse Over" library="SeleniumLibrary">
<arg>xpath://*[@id="header_container"]/div[2]/div[2]/span/select</arg>
<doc>Simulates hovering the mouse over the element ``locator``.</doc>
<msg timestamp="20211213 19:43:49.750" level="INFO">Simulating Mouse Over on element 'xpath://*[@id="header_container"]/div[2]/div[2]/span/select'.</msg>
<status status="PASS" starttime="20211213 19:43:49.749" endtime="20211213 19:43:50.049"/>
</kw>
<kw name="Click Element" library="SeleniumLibrary">
<arg>xpath://*[@id="header_container"]/div[2]/div[2]/span/select</arg>
<doc>Click the element identified by ``locator``.</doc>
<msg timestamp="20211213 19:43:50.050" level="INFO">Clicking element 'xpath://*[@id="header_container"]/div[2]/div[2]/span/select'.</msg>
<status status="PASS" starttime="20211213 19:43:50.049" endtime="20211213 19:43:50.097"/>
</kw>
<kw name="Click Element" library="SeleniumLibrary">
<arg>xpath://*[@id="header_container"]/div[2]/div[2]/span/select/option[1]</arg>
<doc>Click the element identified by ``locator``.</doc>
<msg timestamp="20211213 19:43:50.098" level="INFO">Clicking element 'xpath://*[@id="header_container"]/div[2]/div[2]/span/select/option[1]'.</msg>
<status status="PASS" starttime="20211213 19:43:50.097" endtime="20211213 19:43:50.125"/>
</kw>
<kw name="Element Text Should Be" library="SeleniumLibrary">
<arg>class:active_option</arg>
<arg>NAME (A TO Z)</arg>
<doc>Verifies that element ``locator`` contains exact the text ``expected``.</doc>
<msg timestamp="20211213 19:43:50.126" level="INFO">Verifying element 'class:active_option' contains exact text 'NAME (A TO Z)'.</msg>
<status status="PASS" starttime="20211213 19:43:50.126" endtime="20211213 19:43:50.141"/>
</kw>
<status status="PASS" starttime="20211213 19:43:46.351" endtime="20211213 19:43:50.142"/>
</test>
<test id="s1-s2-t2" name="Sort product name (Z to A)">
<kw name="Mouse Over" library="SeleniumLibrary">
<arg>xpath://*[@id="header_container"]/div[2]/div[2]/span/select</arg>
<doc>Simulates hovering the mouse over the element ``locator``.</doc>
<msg timestamp="20211213 19:43:50.147" level="INFO">Simulating Mouse Over on element 'xpath://*[@id="header_container"]/div[2]/div[2]/span/select'.</msg>
<status status="PASS" starttime="20211213 19:43:50.147" endtime="20211213 19:43:50.414"/>
</kw>
<kw name="Click Element" library="SeleniumLibrary">
<arg>xpath://*[@id="header_container"]/div[2]/div[2]/span/select</arg>
<doc>Click the element identified by ``locator``.</doc>
<msg timestamp="20211213 19:43:50.414" level="INFO">Clicking element 'xpath://*[@id="header_container"]/div[2]/div[2]/span/select'.</msg>
<status status="PASS" starttime="20211213 19:43:50.414" endtime="20211213 19:43:50.453"/>
</kw>
<kw name="Click Element" library="SeleniumLibrary">
<arg>xpath://*[@id="header_container"]/div[2]/div[2]/span/select/option[2]</arg>
<doc>Click the element identified by ``locator``.</doc>
<msg timestamp="20211213 19:43:50.453" level="INFO">Clicking element 'xpath://*[@id="header_container"]/div[2]/div[2]/span/select/option[2]'.</msg>
<status status="PASS" starttime="20211213 19:43:50.453" endtime="20211213 19:43:50.483"/>
</kw>
<kw name="Element Text Should Be" library="SeleniumLibrary">
<arg>class:active_option</arg>
<arg>NAME (Z TO A)</arg>
<doc>Verifies that element ``locator`` contains exact the text ``expected``.</doc>
<msg timestamp="20211213 19:43:50.483" level="INFO">Verifying element 'class:active_option' contains exact text 'NAME (Z TO A)'.</msg>
<status status="PASS" starttime="20211213 19:43:50.483" endtime="20211213 19:43:50.500"/>
</kw>
<status status="PASS" starttime="20211213 19:43:50.145" endtime="20211213 19:43:50.500"/>
</test>
<test id="s1-s2-t3" name="Sort product price (low to high)">
<kw name="Mouse Over" library="SeleniumLibrary">
<arg>xpath://*[@id="header_container"]/div[2]/div[2]/span/select</arg>
<doc>Simulates hovering the mouse over the element ``locator``.</doc>
<msg timestamp="20211213 19:43:50.502" level="INFO">Simulating Mouse Over on element 'xpath://*[@id="header_container"]/div[2]/div[2]/span/select'.</msg>
<status status="PASS" starttime="20211213 19:43:50.502" endtime="20211213 19:43:50.774"/>
</kw>
<kw name="Click Element" library="SeleniumLibrary">
<arg>xpath://*[@id="header_container"]/div[2]/div[2]/span/select</arg>
<doc>Click the element identified by ``locator``.</doc>
<msg timestamp="20211213 19:43:50.775" level="INFO">Clicking element 'xpath://*[@id="header_container"]/div[2]/div[2]/span/select'.</msg>
<status status="PASS" starttime="20211213 19:43:50.775" endtime="20211213 19:43:50.827"/>
</kw>
<kw name="Click Element" library="SeleniumLibrary">
<arg>xpath://*[@id="header_container"]/div[2]/div[2]/span/select/option[3]</arg>
<doc>Click the element identified by ``locator``.</doc>
<msg timestamp="20211213 19:43:50.828" level="INFO">Clicking element 'xpath://*[@id="header_container"]/div[2]/div[2]/span/select/option[3]'.</msg>
<status status="PASS" starttime="20211213 19:43:50.827" endtime="20211213 19:43:50.868"/>
</kw>
<kw name="Element Text Should Be" library="SeleniumLibrary">
<arg>class:active_option</arg>
<arg>PRICE (LOW TO HIGH)</arg>
<doc>Verifies that element ``locator`` contains exact the text ``expected``.</doc>
<msg timestamp="20211213 19:43:50.871" level="INFO">Verifying element 'class:active_option' contains exact text 'PRICE (LOW TO HIGH)'.</msg>
<status status="PASS" starttime="20211213 19:43:50.869" endtime="20211213 19:43:50.916"/>
</kw>
<status status="PASS" starttime="20211213 19:43:50.501" endtime="20211213 19:43:50.917"/>
</test>
<test id="s1-s2-t4" name="Sort product price (high to low)">
<kw name="Mouse Over" library="SeleniumLibrary">
<arg>xpath://*[@id="header_container"]/div[2]/div[2]/span/select</arg>
<doc>Simulates hovering the mouse over the element ``locator``.</doc>
<msg timestamp="20211213 19:43:50.920" level="INFO">Simulating Mouse Over on element 'xpath://*[@id="header_container"]/div[2]/div[2]/span/select'.</msg>
<status status="PASS" starttime="20211213 19:43:50.919" endtime="20211213 19:43:51.192"/>
</kw>
<kw name="Click Element" library="SeleniumLibrary">
<arg>xpath://*[@id="header_container"]/div[2]/div[2]/span/select</arg>
<doc>Click the element identified by ``locator``.</doc>
<msg timestamp="20211213 19:43:51.192" level="INFO">Clicking element 'xpath://*[@id="header_container"]/div[2]/div[2]/span/select'.</msg>
<status status="PASS" starttime="20211213 19:43:51.192" endtime="20211213 19:43:51.230"/>
</kw>
<kw name="Click Element" library="SeleniumLibrary">
<arg>xpath://*[@id="header_container"]/div[2]/div[2]/span/select/option[4]</arg>
<doc>Click the element identified by ``locator``.</doc>
<msg timestamp="20211213 19:43:51.231" level="INFO">Clicking element 'xpath://*[@id="header_container"]/div[2]/div[2]/span/select/option[4]'.</msg>
<status status="PASS" starttime="20211213 19:43:51.231" endtime="20211213 19:43:51.266"/>
</kw>
<kw name="Element Text Should Be" library="SeleniumLibrary">
<arg>class:active_option</arg>
<arg>PRICE (HIGH TO LOW)</arg>
<doc>Verifies that element ``locator`` contains exact the text ``expected``.</doc>
<msg timestamp="20211213 19:43:51.267" level="INFO">Verifying element 'class:active_option' contains exact text 'PRICE (HIGH TO LOW)'.</msg>
<status status="PASS" starttime="20211213 19:43:51.267" endtime="20211213 19:43:51.286"/>
</kw>
<kw name="Close Browser" library="SeleniumLibrary" type="TEARDOWN">
<doc>Closes the current browser.</doc>
<status status="PASS" starttime="20211213 19:43:51.286" endtime="20211213 19:43:53.735"/>
</kw>
<status status="PASS" starttime="20211213 19:43:50.918" endtime="20211213 19:43:53.736"/>
</test>
<doc>A test suite with a multiple test for validating sort functions

This test follows the example using keywords from
the SeleniumLibrary</doc>
<status status="PASS" starttime="20211213 19:43:46.347" endtime="20211213 19:43:53.738"/>
</suite>
<status status="PASS" starttime="20211213 19:43:21.414" endtime="20211213 19:43:53.740"/>
</suite>
<statistics>
<total>
<stat pass="8" fail="0" skip="0">All Tests</stat>
</total>
<tag>
</tag>
<suite>
<stat pass="8" fail="0" skip="0" id="s1" name="Tests">Tests</stat>
<stat pass="4" fail="0" skip="0" id="s1-s1" name="Login">Tests.Login</stat>
<stat pass="4" fail="0" skip="0" id="s1-s2" name="Sort">Tests.Sort</stat>
</suite>
</statistics>
<errors>
</errors>
</robot>
